<?xml version="1.0" encoding="UTF-8"?>
<!-- Generated by org.testng.reporters.JUnitXMLReporter -->
<testsuite ignored="0" hostname="DESKTOP-5O7LOJD" failures="0" tests="5" name="Default test" time="3.116" errors="0" timestamp="19 Nov 2024 14:37:52 GMT">
  <testcase classname="tests.KeyPressesTest" name="testEnterKeyPress" time="0.042"/>
  <testcase classname="tests.KeyPressesTest" name="testOtherPredefinedSequenceOfKeyPresses" time="0.036"/>
  <testcase classname="tests.KeyPressesTest" name="testOtherPredefinedSequenceOfKeyPresses" time="0.025"/>
  <testcase classname="tests.KeyPressesTest" name="testOtherPredefinedSequenceOfKeyPresses" time="0.035"/>
  <testcase classname="tests.KeyPressesTest" name="testPredefinedSequenceOfKeyPresses" time="0.076"/>
</testsuite> <!-- Default test -->
